<?xml version="1.0" encoding="UTF-8"?>
<testExecutions version="1">
  <file path="/home/asishk/Documents/BlinkList/blinklist/src/components/molecules/Banner1/index.test.tsx">
    <testCase name="Banner is Heading" duration="80"/>
  </file>
  <file path="/home/asishk/Documents/BlinkList/blinklist/src/components/atoms/Typography/index.test.tsx">
    <testCase name="renders Text passed from prop" duration="55"/>
  </file>
  <file path="/home/asishk/Documents/BlinkList/blinklist/src/components/atoms/ProgressBar/index.test.tsx">
    <testCase name="should render progressbar" duration="105"/>
    <testCase name="should render progressbar with value" duration="18"/>
  </file>
  <file path="/home/asishk/Documents/BlinkList/blinklist/src/components/atoms/Input/index.test.tsx">
    <testCase name="Input Components" duration="91"/>
    <testCase name="it should render input element" duration="27"/>
    <testCase name="should be able to type in input" duration="23"/>
  </file>
  <file path="/home/asishk/Documents/BlinkList/blinklist/src/components/organisms/Explorer/index.test.tsx">
    <testCase name="Explore render Explore by category heading" duration="256"/>
    <testCase name="Explore should recently added text to be clickable" duration="105"/>
    <testCase name="Explore it should See popular titles to be clickable" duration="89"/>
    <testCase name="Explore Explore by category text should be blue" duration="106"/>
    <testCase name="Explore Nav Icon count should be 26" duration="73"/>
  </file>
  <file path="/home/asishk/Documents/BlinkList/blinklist/src/components/organisms/Footer/index.test.tsx">
    <testCase name="Footer" duration="116"/>
  </file>
  <file path="/home/asishk/Documents/BlinkList/blinklist/src/components/atoms/Images/index.test.tsx">
    <testCase name="it renders Images" duration="75"/>
  </file>
  <file path="/home/asishk/Documents/BlinkList/blinklist/src/components/atoms/Avatar/index.test.tsx">
    <testCase name="renders the avatar" duration="28"/>
  </file>
  <file path="/home/asishk/Documents/BlinkList/blinklist/src/components/atoms/Blank/index.test.tsx">
    <testCase name="renders the blank component" duration="26"/>
  </file>
  <file path="/home/asishk/Documents/BlinkList/blinklist/src/components/molecules/tabs/index.test.tsx">
    <testCase name="it should render 2 tabw for 2 length data" duration="151"/>
    <testCase name="this should have green indicator color for currently reading tab by default" duration="38"/>
  </file>
</testExecutions>